2022.04.21, 14:21:48.0602 UTC -> Started to proceed match for scorcard, lineups and points for 33
2022.04.21, 14:21:48.0604 UTC -> match lineup function called for 33
2022.04.21, 14:21:48.0604 UTC -> storeMatchLineup function stored called 33
2022.04.21, 14:21:48.0605 UTC -> match scorcard function called for 33
2022.04.21, 14:21:48.0675 UTC -> Started to proceed match for scorcard, lineups and points for 34
2022.04.21, 14:21:48.0680 UTC -> match lineup function called for 34
2022.04.21, 14:21:48.0680 UTC -> storeMatchLineup function stored called 34
2022.04.21, 14:21:48.0680 UTC -> match scorcard function called for 34
2022.04.21, 14:21:48.0684 UTC -> Started to proceed match for scorcard, lineups and points for 35
2022.04.21, 14:21:48.0686 UTC -> match lineup function called for 35
2022.04.21, 14:21:48.0686 UTC -> storeMatchLineup function stored called 35
2022.04.21, 14:21:48.0686 UTC -> match scorcard function called for 35
2022.04.21, 14:21:48.0690 UTC -> Started to proceed match for scorcard, lineups and points for 36
2022.04.21, 14:21:48.0690 UTC -> match lineup function called for 36
2022.04.21, 14:21:48.0690 UTC -> storeMatchLineup function stored called 36
2022.04.21, 14:21:48.0690 UTC -> match scorcard function called for 36
2022.04.21, 14:21:48.0695 UTC -> Started to proceed match for scorcard, lineups and points for 37
2022.04.21, 14:21:48.0696 UTC -> match lineup function called for 37
2022.04.21, 14:21:48.0696 UTC -> storeMatchLineup function stored called 37
2022.04.21, 14:21:48.0696 UTC -> match scorcard function called for 37
2022.04.21, 14:21:48.0700 UTC -> Started to proceed match for scorcard, lineups and points for 38
2022.04.21, 14:21:48.0702 UTC -> match lineup function called for 38
2022.04.21, 14:21:48.0702 UTC -> storeMatchLineup function stored called 38
2022.04.21, 14:21:48.0702 UTC -> match scorcard function called for 38
2022.04.21, 14:21:48.0707 UTC -> Started to proceed match for scorcard, lineups and points for 39
2022.04.21, 14:21:48.0709 UTC -> match lineup function called for 39
2022.04.21, 14:21:48.0709 UTC -> storeMatchLineup function stored called 39
2022.04.21, 14:21:48.0709 UTC -> match scorcard function called for 39
2022.04.21, 14:21:48.0714 UTC -> Started to proceed match for scorcard, lineups and points for 40
2022.04.21, 14:21:48.0714 UTC -> match lineup function called for 40
2022.04.21, 14:21:48.0714 UTC -> storeMatchLineup function stored called 40
2022.04.21, 14:21:48.0715 UTC -> match scorcard function called for 40
2022.04.21, 14:21:48.0719 UTC -> Started to proceed match for scorcard, lineups and points for 41
2022.04.21, 14:21:48.0719 UTC -> match lineup function called for 41
2022.04.21, 14:21:48.0719 UTC -> storeMatchLineup function stored called 41
2022.04.21, 14:21:48.0720 UTC -> match scorcard function called for 41
2022.04.21, 14:21:48.0724 UTC -> Started to proceed match for scorcard, lineups and points for 42
2022.04.21, 14:21:48.0725 UTC -> match lineup function called for 42
2022.04.21, 14:21:48.0725 UTC -> storeMatchLineup function stored called 42
2022.04.21, 14:21:48.0727 UTC -> match scorcard function called for 42
2022.04.21, 14:21:48.0731 UTC -> Started to proceed match for scorcard, lineups and points for 43
2022.04.21, 14:21:48.0733 UTC -> match lineup function called for 43
2022.04.21, 14:21:48.0733 UTC -> storeMatchLineup function stored called 43
2022.04.21, 14:21:48.0733 UTC -> match scorcard function called for 43
2022.04.21, 14:21:48.0738 UTC -> Started to proceed match for scorcard, lineups and points for 44
2022.04.21, 14:21:48.0738 UTC -> storeMatchLineup function stored called 44
2022.04.21, 14:21:48.0738 UTC -> match lineup function called for 44
2022.04.21, 14:21:48.0738 UTC -> match scorcard function called for 44
2022.04.21, 14:21:48.0743 UTC -> Started to proceed match for scorcard, lineups and points for 45
2022.04.21, 14:21:48.0743 UTC -> match lineup function called for 45
2022.04.21, 14:21:48.0743 UTC -> storeMatchLineup function stored called 45
2022.04.21, 14:21:48.0744 UTC -> match scorcard function called for 45
2022.04.21, 14:21:48.0748 UTC -> Started to proceed match for scorcard, lineups and points for 46
2022.04.21, 14:21:48.0752 UTC -> match lineup function called for 46
2022.04.21, 14:21:48.0752 UTC -> storeMatchLineup function stored called 46
2022.04.21, 14:21:48.0752 UTC -> match scorcard function called for 46
2022.04.21, 14:21:48.0756 UTC -> Started to proceed match for scorcard, lineups and points for 47
2022.04.21, 14:21:48.0758 UTC -> match lineup function called for 47
2022.04.21, 14:21:48.0758 UTC -> storeMatchLineup function stored called 47
2022.04.21, 14:21:48.0758 UTC -> match scorcard function called for 47
2022.04.21, 14:21:48.0762 UTC -> Started to proceed match for scorcard, lineups and points for 48
2022.04.21, 14:21:48.0764 UTC -> match lineup function called for 48
2022.04.21, 14:21:48.0764 UTC -> storeMatchLineup function stored called 48
2022.04.21, 14:21:48.0764 UTC -> match scorcard function called for 48
2022.04.21, 14:21:48.0764 UTC -> Started to proceed match for scorcard, lineups and points for 49
2022.04.21, 14:21:48.0765 UTC -> match lineup function called for 49
2022.04.21, 14:21:48.0765 UTC -> storeMatchLineup function stored called 49
2022.04.21, 14:21:48.0766 UTC -> match scorcard function called for 49
2022.04.21, 14:21:48.0766 UTC -> Started to proceed match for scorcard, lineups and points for 50
2022.04.21, 14:21:48.0768 UTC -> match lineup function called for 50
2022.04.21, 14:21:48.0768 UTC -> storeMatchLineup function stored called 50
2022.04.21, 14:21:48.0768 UTC -> match scorcard function called for 50
2022.04.21, 14:21:48.0768 UTC -> Started to proceed match for scorcard, lineups and points for 51
2022.04.21, 14:21:48.0770 UTC -> match lineup function called for 51
2022.04.21, 14:21:48.0770 UTC -> storeMatchLineup function stored called 51
2022.04.21, 14:21:48.0770 UTC -> match scorcard function called for 51
2022.04.21, 14:21:48.0770 UTC -> Started to proceed match for scorcard, lineups and points for 52
2022.04.21, 14:21:48.0771 UTC -> match lineup function called for 52
2022.04.21, 14:21:48.0771 UTC -> storeMatchLineup function stored called 52
2022.04.21, 14:21:48.0771 UTC -> match scorcard function called for 52
2022.04.21, 14:21:48.0772 UTC -> Started to proceed match for scorcard, lineups and points for 53
2022.04.21, 14:21:48.0773 UTC -> match lineup function called for 53
2022.04.21, 14:21:48.0773 UTC -> storeMatchLineup function stored called 53
2022.04.21, 14:21:48.0773 UTC -> match scorcard function called for 53
2022.04.21, 14:21:48.0773 UTC -> Started to proceed match for scorcard, lineups and points for 54
2022.04.21, 14:21:48.0773 UTC -> match lineup function called for 54
2022.04.21, 14:21:48.0773 UTC -> storeMatchLineup function stored called 54
2022.04.21, 14:21:48.0773 UTC -> Started to proceed match for scorcard, lineups and points for 55
2022.04.21, 14:21:48.0773 UTC -> match scorcard function called for 54
2022.04.21, 14:21:48.0774 UTC -> storeMatchLineup function stored called 55
2022.04.21, 14:21:48.0774 UTC -> match lineup function called for 55
2022.04.21, 14:21:48.0775 UTC -> match scorcard function called for 55
2022.04.21, 14:21:48.0775 UTC -> Started to proceed match for scorcard, lineups and points for 56
2022.04.21, 14:21:48.0776 UTC -> match lineup function called for 56
2022.04.21, 14:21:48.0776 UTC -> storeMatchLineup function stored called 56
2022.04.21, 14:21:48.0776 UTC -> match scorcard function called for 56
2022.04.21, 14:21:48.0776 UTC -> Started to proceed match for scorcard, lineups and points for 57
2022.04.21, 14:21:48.0776 UTC -> match lineup function called for 57
2022.04.21, 14:21:48.0776 UTC -> storeMatchLineup function stored called 57
2022.04.21, 14:21:48.0776 UTC -> match scorcard function called for 57
2022.04.21, 14:21:48.0776 UTC -> Started to proceed match for scorcard, lineups and points for 58
2022.04.21, 14:21:48.0778 UTC -> match lineup function called for 58
2022.04.21, 14:21:48.0778 UTC -> storeMatchLineup function stored called 58
2022.04.21, 14:21:48.0778 UTC -> match scorcard function called for 58
2022.04.21, 14:21:48.0778 UTC -> Started to proceed match for scorcard, lineups and points for 59
2022.04.21, 14:21:48.0779 UTC -> match lineup function called for 59
2022.04.21, 14:21:48.0779 UTC -> storeMatchLineup function stored called 59
2022.04.21, 14:21:48.0780 UTC -> match scorcard function called for 59
2022.04.21, 14:21:48.0780 UTC -> Started to proceed match for scorcard, lineups and points for 60
2022.04.21, 14:21:48.0781 UTC -> storeMatchLineup function stored called 60
2022.04.21, 14:21:48.0781 UTC -> match lineup function called for 60
2022.04.21, 14:21:48.0781 UTC -> match scorcard function called for 60
2022.04.21, 14:21:48.0781 UTC -> Started to proceed match for scorcard, lineups and points for 61
2022.04.21, 14:21:48.0782 UTC -> match lineup function called for 61
2022.04.21, 14:21:48.0782 UTC -> storeMatchLineup function stored called 61
2022.04.21, 14:21:48.0783 UTC -> match scorcard function called for 61
2022.04.21, 14:21:48.0783 UTC -> Started to proceed match for scorcard, lineups and points for 62
2022.04.21, 14:21:48.0784 UTC -> match lineup function called for 62
2022.04.21, 14:21:48.0784 UTC -> storeMatchLineup function stored called 62
2022.04.21, 14:21:48.0784 UTC -> match scorcard function called for 62
2022.04.21, 14:21:48.0784 UTC -> Started to proceed match for scorcard, lineups and points for 63
2022.04.21, 14:21:48.0784 UTC -> match lineup function called for 63
2022.04.21, 14:21:48.0784 UTC -> storeMatchLineup function stored called 63
2022.04.21, 14:21:48.0784 UTC -> match scorcard function called for 63
2022.04.21, 14:21:48.0784 UTC -> Started to proceed match for scorcard, lineups and points for 64
2022.04.21, 14:21:48.0786 UTC -> match lineup function called for 64
2022.04.21, 14:21:48.0786 UTC -> storeMatchLineup function stored called 64
2022.04.21, 14:21:48.0786 UTC -> match scorcard function called for 64
2022.04.21, 14:21:48.0786 UTC -> Started to proceed match for scorcard, lineups and points for 65
2022.04.21, 14:21:48.0787 UTC -> match lineup function called for 65
2022.04.21, 14:21:48.0787 UTC -> storeMatchLineup function stored called 65
2022.04.21, 14:21:48.0788 UTC -> match scorcard function called for 65
2022.04.21, 14:21:48.0788 UTC -> Started to proceed match for scorcard, lineups and points for 66
2022.04.21, 14:21:48.0789 UTC -> match lineup function called for 66
2022.04.21, 14:21:48.0789 UTC -> storeMatchLineup function stored called 66
2022.04.21, 14:21:48.0789 UTC -> match scorcard function called for 66
2022.04.21, 14:21:48.0789 UTC -> Started to proceed match for scorcard, lineups and points for 67
2022.04.21, 14:21:48.0790 UTC -> match lineup function called for 67
2022.04.21, 14:21:48.0790 UTC -> storeMatchLineup function stored called 67
2022.04.21, 14:21:48.0791 UTC -> match scorcard function called for 67
2022.04.21, 14:21:48.0791 UTC -> Started to proceed match for scorcard, lineups and points for 68
2022.04.21, 14:21:48.0792 UTC -> match lineup function called for 68
2022.04.21, 14:21:48.0792 UTC -> storeMatchLineup function stored called 68
2022.04.21, 14:21:48.0793 UTC -> match scorcard function called for 68
2022.04.21, 14:21:48.0793 UTC -> Started to proceed match for scorcard, lineups and points for 69
2022.04.21, 14:21:48.0794 UTC -> match lineup function called for 69
2022.04.21, 14:21:48.0794 UTC -> storeMatchLineup function stored called 69
2022.04.21, 14:21:48.0794 UTC -> match scorcard function called for 69
2022.04.21, 14:21:48.0794 UTC -> Started to proceed match for scorcard, lineups and points for 70
2022.04.21, 14:21:48.0796 UTC -> match lineup function called for 70
2022.04.21, 14:21:48.0796 UTC -> storeMatchLineup function stored called 70
2022.04.21, 14:21:48.0797 UTC -> match scorcard function called for 70
2022.04.21, 14:21:49.0535 UTC -> match status is not_started 35
2022.04.21, 14:21:49.0702 UTC -> match status is not_started 46
2022.04.21, 14:21:51.0340 UTC -> match status is live 33
