Tue, 02 Aug 2022 12:27:36 GMT POST /api/v1/matches/getMatches 200 6511 - 535.933 ms
Tue, 02 Aug 2022 12:40:56 GMT POST /api/v1/auth/register 422 362 - 7.894 ms
Tue, 02 Aug 2022 12:41:32 GMT POST /api/v1/auth/register 500 52 - 410.733 ms
Tue, 02 Aug 2022 12:41:43 GMT POST /api/v1/auth/register 422 371 - 4.194 ms
Tue, 02 Aug 2022 12:41:51 GMT POST /api/v1/auth/register 200 200 - 87.410 ms
Tue, 02 Aug 2022 12:41:54 GMT POST /api/v1/auth/register 500 52 - 76.349 ms
Tue, 02 Aug 2022 12:43:22 GMT POST /api/v1/auth/register 422 362 - 7.263 ms
Tue, 02 Aug 2022 12:43:30 GMT POST /api/v1/auth/register 500 52 - 353.364 ms
Tue, 02 Aug 2022 12:43:37 GMT POST /api/v1/auth/register 422 362 - 1.072 ms
Tue, 02 Aug 2022 12:45:09 GMT POST /api/v1/auth/register 500 52 - 803.632 ms
Tue, 02 Aug 2022 12:45:23 GMT POST /api/v1/auth/register 200 200 - 167.420 ms
Tue, 02 Aug 2022 12:45:59 GMT POST /api/v1/auth/login 422 362 - 2.687 ms
Tue, 02 Aug 2022 12:46:22 GMT POST /api/v1/auth/login 200 260 - 366.285 ms
Tue, 02 Aug 2022 12:46:28 GMT POST /api/v1/auth/login 422 362 - 2.292 ms
Tue, 02 Aug 2022 12:46:33 GMT POST /api/v1/auth/login 200 260 - 71.707 ms
Tue, 02 Aug 2022 12:46:44 GMT POST /api/v1/auth/checkUser 400 57 - 1.111 ms
Tue, 02 Aug 2022 12:47:02 GMT POST /api/v1/auth/checkUser 200 55 - 395.304 ms
Tue, 02 Aug 2022 12:47:07 GMT POST /api/v1/auth/checkUser 400 56 - 2.206 ms
Tue, 02 Aug 2022 12:47:39 GMT POST /api/v1/auth/checkUser 404 28 - 7.108 ms
Tue, 02 Aug 2022 12:47:40 GMT POST /api/v1/auth/checkUser 404 28 - 1.507 ms
Tue, 02 Aug 2022 12:47:41 GMT POST /api/v1/auth/checkUser 404 28 - 1.195 ms
Tue, 02 Aug 2022 12:48:11 GMT POST /api/v1/auth/checkUser 404 28 - 1.032 ms
Tue, 02 Aug 2022 12:48:17 GMT POST /api/v1/auth/checkUser 200 55 - 977.971 ms
Tue, 02 Aug 2022 12:48:22 GMT POST /api/v1/auth/checkUser 404 28 - 0.916 ms
Tue, 02 Aug 2022 12:48:46 GMT POST /api/v1/auth/checkUser 404 28 - 0.892 ms
Tue, 02 Aug 2022 12:49:00 GMT POST /api/v1/auth/checkUser 422 372 - 7.469 ms
Tue, 02 Aug 2022 12:49:06 GMT POST /api/v1/auth/checkUser 422 645 - 1.648 ms
Tue, 02 Aug 2022 12:49:13 GMT POST /api/v1/auth/checkUser 200 55 - 354.804 ms
Tue, 02 Aug 2022 12:51:28 GMT POST /api/v1/auth/checkUser 404 68 - 991.603 ms
Tue, 02 Aug 2022 12:58:00 GMT POST /api/v1/auth/register 500 52 - 420.456 ms
Tue, 02 Aug 2022 13:14:07 GMT POST /api/v1/auth/register 500 52 - 1146.771 ms
Tue, 02 Aug 2022 14:56:52 GMT POST /api/v1/auth/register 500 52 - 1140.135 ms
Tue, 02 Aug 2022 14:58:59 GMT POST /api/v1/auth/register 500 52 - 1168.894 ms
Tue, 02 Aug 2022 15:00:32 GMT POST /api/v1/auth/register 500 1214 - 1037.696 ms
Tue, 02 Aug 2022 15:04:19 GMT POST /api/v1/auth/register 500 1401 - 1052.739 ms
Tue, 02 Aug 2022 15:04:57 GMT POST /api/v1/auth/register 500 1401 - 1933.507 ms
Tue, 02 Aug 2022 15:05:16 GMT POST /api/v1/auth/register 409 89 - 1017.671 ms
Tue, 02 Aug 2022 15:05:34 GMT POST /api/v1/auth/register 200 200 - 462.200 ms
Tue, 02 Aug 2022 15:08:08 GMT POST /api/v1/auth/login 200 260 - 798.005 ms
Tue, 02 Aug 2022 15:08:29 GMT POST /api/v1/auth/login 500 52 - 7.821 ms
Tue, 02 Aug 2022 15:09:14 GMT POST /api/v1/auth/login 500 52 - 24.622 ms
Tue, 02 Aug 2022 15:09:16 GMT POST /api/v1/auth/login 500 52 - 3.682 ms
Tue, 02 Aug 2022 15:09:39 GMT POST /api/v1/auth/login 404 68 - 1618.877 ms
Tue, 02 Aug 2022 15:09:52 GMT POST /api/v1/auth/login 200 529 - 1585.608 ms
Tue, 02 Aug 2022 15:10:51 GMT POST /api/v1/auth/login 200 246 - 897.064 ms
Tue, 02 Aug 2022 15:12:15 GMT POST /api/v1/auth/checkUser 200 55 - 875.318 ms
Tue, 02 Aug 2022 15:12:25 GMT POST /api/v1/auth/checkUser 200 55 - 77.040 ms
Tue, 02 Aug 2022 15:12:30 GMT POST /api/v1/auth/login 404 68 - 215.464 ms
Tue, 02 Aug 2022 15:12:37 GMT POST /api/v1/auth/login 200 245 - 74.624 ms
Tue, 02 Aug 2022 15:15:35 GMT POST /api/v1/coins/transactionHistory 200 68 - 793.627 ms
Tue, 02 Aug 2022 15:17:47 GMT POST /api/v1/auth/login 200 258 - 1043.412 ms
Tue, 02 Aug 2022 15:18:47 GMT POST /api/v1/coins/transactionHistory 400 63 - 2.541 ms
Tue, 02 Aug 2022 15:19:07 GMT POST /api/v1/coins/transactionHistory 200 68 - 356.211 ms
Tue, 02 Aug 2022 15:19:18 GMT POST /api/v1/auth/login 200 258 - 1629.147 ms
Tue, 02 Aug 2022 15:19:34 GMT POST /api/v1/coins/transactionHistory 200 68 - 72.818 ms
Tue, 02 Aug 2022 15:21:49 GMT POST /api/v1/coins/dailyUserCoins 200 92 - 75.758 ms
Tue, 02 Aug 2022 15:22:17 GMT POST /api/v1/coins/dailyUserCoins 200 92 - 350.960 ms
Tue, 02 Aug 2022 15:24:00 GMT POST /api/v1/coins/dailyUserCoins 200 92 - 798.351 ms
Tue, 02 Aug 2022 15:25:24 GMT POST /api/v1/coins/dailyUserCoins 200 130 - 446.417 ms
Tue, 02 Aug 2022 15:25:33 GMT POST /api/v1/coins/transactionHistory 200 130 - 444.028 ms
Tue, 02 Aug 2022 15:25:42 GMT POST /api/v1/coins/getRedeemTokens 200 130 - 402.174 ms
Tue, 02 Aug 2022 15:25:46 GMT POST /api/v1/coins/transactionHistory 200 130 - 450.087 ms
Tue, 02 Aug 2022 15:30:26 GMT POST /api/v1/coins/transactionHistory 200 68 - 795.984 ms
Tue, 02 Aug 2022 15:30:30 GMT POST /api/v1/coins/transactionHistory 200 68 - 161.598 ms
Tue, 02 Aug 2022 15:30:56 GMT POST /api/v1/coins/dailyUserCoins 200 92 - 160.170 ms
Tue, 02 Aug 2022 15:31:09 GMT POST /api/v1/coins/transactionHistory 200 68 - 160.859 ms
Tue, 02 Aug 2022 15:31:58 GMT POST /api/v1/coins/transactionHistory 200 68 - 159.856 ms
Tue, 02 Aug 2022 15:32:06 GMT POST /api/v1/coins/transactionHistory 200 68 - 159.494 ms
Tue, 02 Aug 2022 15:32:55 GMT POST /api/v1/coins/transactionHistory 200 68 - 833.531 ms
Tue, 02 Aug 2022 15:33:23 GMT POST /api/v1/coins/transactionHistory 200 68 - 857.819 ms
Tue, 02 Aug 2022 15:33:42 GMT POST /api/v1/coins/transactionHistory 200 68 - 799.386 ms
Tue, 02 Aug 2022 15:33:58 GMT POST /api/v1/coins/transactionHistory 200 68 - 800.200 ms
Tue, 02 Aug 2022 15:34:56 GMT POST /api/v1/auth/login 200 271 - 1564.266 ms
Tue, 02 Aug 2022 15:35:10 GMT POST /api/v1/coins/transactionHistory 200 302 - 357.759 ms
Tue, 02 Aug 2022 15:46:57 GMT POST /api/v1/coins/transactionHistory 200 980 - 649.129 ms
Tue, 02 Aug 2022 15:49:00 GMT POST /api/v1/coins/transactionHistory 200 1427 - 1075.908 ms
Tue, 02 Aug 2022 15:49:52 GMT POST /api/v1/coins/transactionHistory 200 1791 - 633.202 ms
Tue, 02 Aug 2022 16:47:49 GMT POST /api/v1/coins/transactionHistory 200 461 - 365.981 ms
Tue, 02 Aug 2022 16:51:11 GMT POST /api/v1/coins/transactionHistory 200 1805 - 1216.305 ms
Tue, 02 Aug 2022 16:52:14 GMT POST /api/v1/coins/transactionHistory 200 994 - 583.861 ms
Tue, 02 Aug 2022 16:55:10 GMT POST /api/v1/coins/transactionHistory 200 302 - 3061.115 ms
Tue, 02 Aug 2022 16:56:40 GMT POST /api/v1/coins/transactionHistory 200 1337 - 1227.328 ms
Tue, 02 Aug 2022 17:00:01 GMT POST /api/v1/coins/transactionHistory 200 792 - 643.401 ms
Tue, 02 Aug 2022 17:01:11 GMT POST /api/v1/coins/transactionHistory 200 302 - 1915.871 ms
Tue, 02 Aug 2022 17:01:27 GMT POST /api/v1/coins/transactionHistory 200 68 - 308.552 ms
Tue, 02 Aug 2022 17:01:49 GMT POST /api/v1/coins/transactionHistory 200 302 - 375.316 ms
Tue, 02 Aug 2022 17:03:08 GMT POST /api/v1/coins/transactionHistory 200 1075 - 1112.625 ms
Tue, 02 Aug 2022 17:03:38 GMT POST /api/v1/coins/transactionHistory 200 889 - 583.491 ms
Tue, 02 Aug 2022 17:04:14 GMT POST /api/v1/coins/transactionHistory 200 1922 - 1106.835 ms
Tue, 02 Aug 2022 17:04:26 GMT POST /api/v1/coins/transactionHistory 200 302 - 1812.655 ms
Tue, 02 Aug 2022 17:06:32 GMT POST /api/v1/coins/transactionHistory 200 302 - 3118.509 ms
Tue, 02 Aug 2022 17:07:45 GMT POST /api/v1/coins/transactionHistory 200 530 - 944.519 ms
Tue, 02 Aug 2022 17:08:35 GMT POST /api/v1/coins/transactionHistory 200 512 - 948.402 ms
Wed, 03 Aug 2022 11:58:18 GMT POST /api/v1/coins/transactionHistory 200 512 - 1229.372 ms
Wed, 03 Aug 2022 12:32:08 GMT POST /api/v1/coins/transactionHistory 200 512 - 2298.875 ms
Wed, 03 Aug 2022 12:35:04 GMT GET /api/v1/userTeams/getTrendingPredictors 200 449 - 328.605 ms
Wed, 03 Aug 2022 12:35:04 GMT GET /api/v1/getDashboardData 200 3681 - 1187.787 ms
Wed, 03 Aug 2022 12:37:41 GMT GET /api/v1/userTeams/getTrendingPredictors 200 449 - 325.559 ms
Wed, 03 Aug 2022 12:37:41 GMT GET /api/v1/getDashboardData 200 3531 - 499.116 ms
Wed, 03 Aug 2022 12:37:42 GMT GET /favicon.ico 404 28 - 0.507 ms
Wed, 03 Aug 2022 12:37:55 GMT GET /api/v1/userTeams/getTrendingPredictors 200 449 - 323.207 ms
Wed, 03 Aug 2022 12:37:55 GMT GET /api/v1/getDashboardData 200 3531 - 497.383 ms
Wed, 03 Aug 2022 12:38:11 GMT GET /api/v1/userTeams/getTrendingPredictors 200 449 - 324.366 ms
Wed, 03 Aug 2022 12:38:11 GMT GET /api/v1/getDashboardData 200 3681 - 505.779 ms
Wed, 03 Aug 2022 12:40:02 GMT POST /api/v1/system 200 220 - 6.035 ms
Wed, 03 Aug 2022 12:47:43 GMT POST /api/v1/userTeams/getPlayers 400 81 - 344.591 ms
Wed, 03 Aug 2022 12:48:47 GMT POST /api/v1/system 200 213 - 0.758 ms
Wed, 03 Aug 2022 12:48:49 GMT GET /api/v1/userTeams/getTrendingPredictors 200 449 - 147.788 ms
Wed, 03 Aug 2022 12:48:49 GMT GET /api/v1/getDashboardData 200 3650 - 270.429 ms
Wed, 03 Aug 2022 12:48:57 GMT POST /api/v1/userTeams/getPlayers 400 83 - 940.271 ms
Wed, 03 Aug 2022 12:49:19 GMT POST /api/v1/userTeams/getPlayers 400 83 - 368.704 ms
Wed, 03 Aug 2022 12:50:49 GMT POST /api/v1/userTeams/getPlayers 400 83 - 850.978 ms
Wed, 03 Aug 2022 12:51:57 GMT POST /api/v1/userTeams/getPlayers 200 11037 - 801.360 ms
Wed, 03 Aug 2022 12:58:56 GMT POST /api/v1/userTeams/getPredictions 200 431 - 350.718 ms
Wed, 03 Aug 2022 12:59:00 GMT POST /api/v1/userTeams/getPredictions 200 431 - 69.038 ms
Wed, 03 Aug 2022 12:59:24 GMT POST /api/v1/userTeams/getPredictions 200 431 - 380.257 ms
Wed, 03 Aug 2022 12:59:25 GMT POST /api/v1/userTeams/getPredictions 200 431 - 79.526 ms
Wed, 03 Aug 2022 13:00:09 GMT POST /api/v1/userTeams/getPredictions 200 431 - 358.270 ms
Wed, 03 Aug 2022 13:00:10 GMT POST /api/v1/userTeams/getPredictions 200 431 - 70.962 ms
Wed, 03 Aug 2022 13:00:22 GMT POST /api/v1/userTeams/getPredictions 400 52 - 0.555 ms
Wed, 03 Aug 2022 13:04:35 GMT POST /api/v1/userTeams/getPredictions 422 556 - 7.725 ms
Wed, 03 Aug 2022 13:04:41 GMT POST /api/v1/userTeams/getPredictions 200 431 - 835.541 ms
Wed, 03 Aug 2022 13:06:05 GMT POST /api/v1/userTeams/getPredictions 200 431 - 407.281 ms
Wed, 03 Aug 2022 13:06:32 GMT POST /api/v1/userTeams/getPredictions 200 431 - 347.778 ms
Wed, 03 Aug 2022 13:12:12 GMT POST /api/v1/userTeams/getPredictions 200 431 - 815.613 ms
Wed, 03 Aug 2022 13:12:31 GMT POST /api/v1/userTeams/getPredictions 200 431 - 351.532 ms
Wed, 03 Aug 2022 13:13:34 GMT POST /api/v1/userTeams/getPredictions 422 486 - 8.753 ms
Wed, 03 Aug 2022 13:14:13 GMT POST /api/v1/userTeams/getPredictions 422 357 - 9.470 ms
Wed, 03 Aug 2022 13:14:21 GMT POST /api/v1/userTeams/getPredictions 422 283 - 3.414 ms
Wed, 03 Aug 2022 13:14:34 GMT POST /api/v1/userTeams/getPredictions 422 330 - 1.433 ms
Wed, 03 Aug 2022 13:14:40 GMT POST /api/v1/userTeams/getPredictions 422 357 - 0.802 ms
Wed, 03 Aug 2022 13:15:08 GMT POST /api/v1/userTeams/getPredictions 422 357 - 9.010 ms
Wed, 03 Aug 2022 13:15:09 GMT POST /api/v1/userTeams/getPredictions 422 357 - 1.547 ms
Wed, 03 Aug 2022 13:15:12 GMT POST /api/v1/userTeams/getPredictions 500 52 - 73.192 ms
Wed, 03 Aug 2022 13:15:18 GMT POST /api/v1/userTeams/getPredictions 500 52 - 165.846 ms
Wed, 03 Aug 2022 13:15:53 GMT POST /api/v1/userTeams/getPredictions 500 52 - 77.937 ms
Wed, 03 Aug 2022 13:16:21 GMT POST /api/v1/userTeams/getPredictions 200 431 - 427.784 ms
Wed, 03 Aug 2022 13:16:28 GMT POST /api/v1/userTeams/getPredictions 200 431 - 80.576 ms
Wed, 03 Aug 2022 13:16:38 GMT POST /api/v1/userTeams/getPredictions 422 357 - 7.065 ms
Wed, 03 Aug 2022 13:16:41 GMT POST /api/v1/userTeams/getPredictions 200 431 - 77.852 ms
Wed, 03 Aug 2022 13:17:12 GMT POST /api/v1/userTeams/getPredictions 200 431 - 917.192 ms
Wed, 03 Aug 2022 13:17:16 GMT POST /api/v1/userTeams/getPredictions 422 363 - 8.973 ms
Wed, 03 Aug 2022 13:17:25 GMT POST /api/v1/userTeams/getPredictions 200 431 - 165.349 ms
Wed, 03 Aug 2022 13:17:54 GMT GET /api/v1/userTeams/getTrendingPredictors 200 221 - 160.076 ms
Wed, 03 Aug 2022 13:17:54 GMT GET /api/v1/getDashboardData 200 3150 - 351.856 ms
Wed, 03 Aug 2022 13:18:00 GMT GET /api/v1/userTeams/getTrendingPredictors 200 221 - 160.097 ms
Wed, 03 Aug 2022 13:18:00 GMT GET /api/v1/getDashboardData 200 3150 - 331.389 ms
Wed, 03 Aug 2022 13:18:35 GMT POST /api/v1/userTeams/getBestPicks 200 4680 - 383.969 ms
Wed, 03 Aug 2022 13:24:03 GMT POST /api/v1/system 200 213 - 2.203 ms
Wed, 03 Aug 2022 13:24:16 GMT GET /api/v1/userTeams/getTrendingPredictors 200 221 - 75.754 ms
Wed, 03 Aug 2022 13:24:16 GMT GET /api/v1/getDashboardData 200 3269 - 479.974 ms
Wed, 03 Aug 2022 13:28:39 GMT POST /api/v1/system 200 213 - 2.048 ms
Wed, 03 Aug 2022 13:28:42 GMT GET /api/v1/userTeams/getTrendingPredictors 200 221 - 168.278 ms
Wed, 03 Aug 2022 13:28:42 GMT GET /api/v1/getDashboardData 200 3269 - 1025.100 ms
Wed, 03 Aug 2022 13:28:57 GMT POST /api/v1/userTeams/getPredictions 422 537 - 7.057 ms
Wed, 03 Aug 2022 13:28:59 GMT GET /api/v1/userTeams/getTrendingPredictors 200 221 - 166.333 ms
Wed, 03 Aug 2022 13:28:59 GMT GET /api/v1/getDashboardData 200 3269 - 346.500 ms
Wed, 03 Aug 2022 13:29:16 GMT POST /api/v1/auth/checkUser 200 55 - 1583.455 ms
Wed, 03 Aug 2022 13:29:32 GMT POST /api/v1/auth/login 200 271 - 482.003 ms
Wed, 03 Aug 2022 13:29:32 GMT POST /api/v1/system 200 213 - 0.313 ms
Wed, 03 Aug 2022 13:29:35 GMT GET /api/v1/userTeams/getTrendingPredictors 200 221 - 166.806 ms
Wed, 03 Aug 2022 13:29:35 GMT GET /api/v1/getDashboardData 200 3269 - 341.178 ms
Wed, 03 Aug 2022 13:29:37 GMT POST /api/v1/userTeams/getPlayers 400 81 - 184.216 ms
Wed, 03 Aug 2022 13:30:18 GMT POST /api/v1/user/userProfile 200 3900 - 690.874 ms
Wed, 03 Aug 2022 13:31:16 GMT POST /api/v1/userTeams/getPlayers 200 11954 - 411.792 ms
Wed, 03 Aug 2022 13:31:24 GMT OPTIONS /api/v1/system 200 4 - 0.719 ms
Wed, 03 Aug 2022 13:32:13 GMT OPTIONS /api/v1/system 200 4 - 2.150 ms
Wed, 03 Aug 2022 13:33:34 GMT POST /api/v1/userTeams/compareTeams 500 52 - 5.290 ms
Wed, 03 Aug 2022 13:33:54 GMT POST /api/v1/userTeams/compareTeams 200 11396 - 1011.897 ms
Wed, 03 Aug 2022 13:33:58 GMT POST /api/v1/userTeams/compareTeams 200 11396 - 332.680 ms
Wed, 03 Aug 2022 13:34:03 GMT POST /api/v1/userTeams/compareTeams 422 545 - 2.404 ms
Wed, 03 Aug 2022 13:34:13 GMT OPTIONS /api/v1/system 200 4 - 0.554 ms
Wed, 03 Aug 2022 13:34:39 GMT POST /api/v1/userTeams/compareTeams 422 455 - 6.174 ms
Wed, 03 Aug 2022 13:34:46 GMT POST /api/v1/userTeams/compareTeams 200 11396 - 1008.808 ms
Wed, 03 Aug 2022 13:34:55 GMT POST /api/v1/coins/dailyUserCoins 400 61 - 0.788 ms
Wed, 03 Aug 2022 13:36:56 GMT POST /api/v1/coins/dailyUserCoins 400 59 - 2.500 ms
Wed, 03 Aug 2022 13:37:18 GMT POST /api/v1/userTeams/compareTeams 200 11396 - 1022.435 ms
Wed, 03 Aug 2022 13:37:22 GMT POST /api/v1/coins/dailyUserCoins 400 59 - 1.321 ms
Wed, 03 Aug 2022 13:37:54 GMT POST /api/v1/coins/dailyUserCoins 200 848 - 1035.958 ms
Wed, 03 Aug 2022 13:37:58 GMT POST /api/v1/coins/transitCoins 200 63 - 508.590 ms
Wed, 03 Aug 2022 13:39:00 GMT POST /api/v1/coins/dailyUserCoins 200 848 - 337.554 ms
Wed, 03 Aug 2022 13:40:09 GMT POST /api/v1/coins/transitCoins 200 70 - 338.547 ms
Wed, 03 Aug 2022 13:40:53 GMT POST /api/v1/coins/transitCoins 200 70 - 964.952 ms
Wed, 03 Aug 2022 13:47:28 GMT OPTIONS /api/v1/system 200 4 - 0.749 ms
Wed, 03 Aug 2022 13:49:03 GMT OPTIONS /api/v1/system 200 4 - 0.461 ms
Wed, 03 Aug 2022 13:49:40 GMT POST /api/v1/auth/register 409 89 - 2047.713 ms
Wed, 03 Aug 2022 13:52:10 GMT OPTIONS /api/v1/system 200 4 - 1.942 ms
Wed, 03 Aug 2022 13:52:50 GMT POST /api/v1/coins/transitCoins 200 70 - 468.375 ms
Wed, 03 Aug 2022 13:52:52 GMT POST /api/v1/coins/transitCoins 200 70 - 155.502 ms
Wed, 03 Aug 2022 13:52:54 GMT POST /api/v1/coins/transitCoins 200 70 - 157.052 ms
Wed, 03 Aug 2022 13:53:27 GMT OPTIONS /api/v1/system 200 4 - 2.081 ms
Wed, 03 Aug 2022 13:53:34 GMT POST /api/v1/coins/transitCoins 500 88 - 1019.458 ms
Wed, 03 Aug 2022 13:53:47 GMT POST /api/v1/coins/transitCoinssdsd 404 28 - 1.467 ms
Wed, 03 Aug 2022 13:54:40 GMT POST /api/v1/coins/transitCoinssdsd 404 169 - 5.109 ms
Wed, 03 Aug 2022 13:54:54 GMT POST /api/v1/coins/transitCoinssdsd 404 68 - 2.397 ms
Wed, 03 Aug 2022 13:55:06 GMT POST /api/v1/coins/transitCoinssdsd 404 68 - 4.832 ms
Wed, 03 Aug 2022 13:55:07 GMT POST /api/v1/coins/transitCoinssdsd 404 68 - 0.906 ms
Wed, 03 Aug 2022 13:55:08 GMT POST /api/v1/coins/transitCoinssdsd 404 68 - 0.497 ms
Wed, 03 Aug 2022 13:55:30 GMT POST /api/v1/coins/transitCoins 500 88 - 984.909 ms
Wed, 03 Aug 2022 14:03:11 GMT POST /api/v1/userTeams/getPlayers 400 110 - 4.274 ms
Wed, 03 Aug 2022 14:03:35 GMT POST /api/v1/userTeams/getPlayers 200 11037 - 445.510 ms
Wed, 03 Aug 2022 14:03:50 GMT POST /api/v1/userTeams/getPlayers 400 107 - 3.376 ms
Wed, 03 Aug 2022 14:04:11 GMT POST /api/v1/userTeams/getPlayers 200 11037 - 938.281 ms
Wed, 03 Aug 2022 14:04:16 GMT POST /api/v1/userTeams/getPlayers 422 467 - 2.998 ms
Wed, 03 Aug 2022 14:04:21 GMT POST /api/v1/userTeams/getPlayers 200 11037 - 189.207 ms
Wed, 03 Aug 2022 14:04:36 GMT POST /api/v1/userTeams/getPlayers 500 75 - 173.119 ms
Wed, 03 Aug 2022 14:04:46 GMT POST /api/v1/userTeams/getPlayers 422 476 - 0.947 ms
Wed, 03 Aug 2022 14:04:53 GMT POST /api/v1/userTeams/getPlayers 200 11037 - 190.865 ms
Wed, 03 Aug 2022 14:05:48 GMT POST /api/v1/userTeams/getPlayers 200 11037 - 837.792 ms
Wed, 03 Aug 2022 14:05:59 GMT OPTIONS /api/v1/system 200 4 - 0.697 ms
Wed, 03 Aug 2022 14:06:57 GMT OPTIONS /api/v1/system 200 4 - 0.471 ms
Wed, 03 Aug 2022 14:07:52 GMT OPTIONS /api/v1/system 200 4 - 2.110 ms
Wed, 03 Aug 2022 14:08:06 GMT POST /api/v1/matches/getMatches 200 6580 - 818.618 ms
Wed, 03 Aug 2022 14:08:18 GMT POST /api/v1/matches/getMatches 200 6580 - 173.363 ms
Wed, 03 Aug 2022 14:08:55 GMT POST /api/v1/matches/getMatches 200 6580 - 360.668 ms
Wed, 03 Aug 2022 14:08:56 GMT POST /api/v1/matches/getMatches 200 6580 - 77.467 ms
Wed, 03 Aug 2022 14:09:12 GMT POST /api/v1/matches/getMatches 200 6580 - 387.467 ms
Wed, 03 Aug 2022 14:17:42 GMT POST /api/v1/matches/getMatches 200 6580 - 378.442 ms
Wed, 03 Aug 2022 14:17:45 GMT POST /api/v1/matches/getMatches 422 423 - 2.529 ms
Wed, 03 Aug 2022 14:17:47 GMT POST /api/v1/matches/getMatches 200 6580 - 82.138 ms
Wed, 03 Aug 2022 14:18:15 GMT POST /api/v1/matches/getMatches 200 6580 - 84.078 ms
Wed, 03 Aug 2022 14:18:20 GMT POST /api/v1/matches/getMatches 200 6580 - 81.574 ms
Wed, 03 Aug 2022 14:18:50 GMT POST /api/v1/matches/getMatches 200 6580 - 835.261 ms
Wed, 03 Aug 2022 14:19:16 GMT POST /api/v1/matches/getMatches 200 6580 - 175.404 ms
Wed, 03 Aug 2022 14:20:07 GMT OPTIONS /api/v1/system 200 4 - 0.765 ms
Wed, 03 Aug 2022 14:23:07 GMT POST /api/v1/matches/recentPlayed 422 470 - 6.502 ms
Wed, 03 Aug 2022 14:27:50 GMT OPTIONS /api/v1/system 200 4 - 0.722 ms
Wed, 03 Aug 2022 14:28:12 GMT OPTIONS /api/v1/system 200 4 - 0.441 ms
Wed, 03 Aug 2022 14:28:34 GMT OPTIONS /api/v1/system 200 4 - 0.217 ms
Wed, 03 Aug 2022 14:44:34 GMT POST /api/v1/notification/getNotifications 200 626 - 391.204 ms
Wed, 03 Aug 2022 14:45:14 GMT POST /api/v1/notification/setReadNotification 500 52 - 427.720 ms
Wed, 03 Aug 2022 14:46:06 GMT POST /api/v1/notification/setReadNotification 500 52 - 816.336 ms
Wed, 03 Aug 2022 14:50:29 GMT POST /api/v1/notification/setReadNotification 200 63 - 851.191 ms
Wed, 03 Aug 2022 14:50:35 GMT POST /api/v1/notification/setReadNotification 200 63 - 174.083 ms
Wed, 03 Aug 2022 14:50:37 GMT POST /api/v1/notification/setReadNotification 200 63 - 173.286 ms
Wed, 03 Aug 2022 14:50:40 GMT POST /api/v1/notification/setReadNotification 200 63 - 169.822 ms
Wed, 03 Aug 2022 14:50:42 GMT POST /api/v1/notification/setReadNotification 200 63 - 170.991 ms
